[2019-04-14 22:05:38,565] {__init__.py:1139} INFO - Dependencies all met for <TaskInstance: train.load_w 2019-04-15T02:05:33.862849+00:00 [queued]>
[2019-04-14 22:05:38,574] {__init__.py:1139} INFO - Dependencies all met for <TaskInstance: train.load_w 2019-04-15T02:05:33.862849+00:00 [queued]>
[2019-04-14 22:05:38,574] {__init__.py:1353} INFO - 
--------------------------------------------------------------------------------
[2019-04-14 22:05:38,574] {__init__.py:1354} INFO - Starting attempt 1 of 1
[2019-04-14 22:05:38,574] {__init__.py:1355} INFO - 
--------------------------------------------------------------------------------
[2019-04-14 22:05:38,585] {__init__.py:1374} INFO - Executing <Task(PythonOperator): load_w> on 2019-04-15T02:05:33.862849+00:00
[2019-04-14 22:05:38,585] {base_task_runner.py:119} INFO - Running: ['airflow', 'run', 'train', 'load_w', '2019-04-15T02:05:33.862849+00:00', '--job_id', '28', '--raw', '-sd', 'DAGS_FOLDER/train.py', '--cfg_path', '/tmp/tmpfqlb4778']
[2019-04-14 22:05:38,936] {base_task_runner.py:101} INFO - Job 28: Subtask load_w /home/xiuqi/.local/lib/python3.7/site-packages/airflow/configuration.py:590: DeprecationWarning: You have two airflow.cfg files: /home/xiuqi/airflow/airflow.cfg and /home/xiuqi/Dropbox/MLE/myProject/airflow/airflow_home/airflow.cfg. Airflow used to look at ~/airflow/airflow.cfg, even when AIRFLOW_HOME was set to a different value. Airflow will now only read /home/xiuqi/Dropbox/MLE/myProject/airflow/airflow_home/airflow.cfg, and you should remove the other file
[2019-04-14 22:05:38,936] {base_task_runner.py:101} INFO - Job 28: Subtask load_w   category=DeprecationWarning,
[2019-04-14 22:05:39,091] {base_task_runner.py:101} INFO - Job 28: Subtask load_w [2019-04-14 22:05:39,090] {__init__.py:51} INFO - Using executor SequentialExecutor
[2019-04-14 22:05:39,283] {base_task_runner.py:101} INFO - Job 28: Subtask load_w [2019-04-14 22:05:39,282] {__init__.py:305} INFO - Filling up the DagBag from /home/xiuqi/Dropbox/MLE/myProject/airflow/airflow_home/dags/train.py
[2019-04-14 22:05:39,423] {base_task_runner.py:101} INFO - Job 28: Subtask load_w [2019-04-14 22:05:39,422] {cli.py:517} INFO - Running <TaskInstance: train.load_w 2019-04-15T02:05:33.862849+00:00 [running]> on host xiuqi-debian
[2019-04-14 22:05:39,433] {python_operator.py:104} INFO - Exporting the following env vars:
AIRFLOW_CTX_DAG_ID=train
AIRFLOW_CTX_TASK_ID=load_w
AIRFLOW_CTX_EXECUTION_DATE=2019-04-15T02:05:33.862849+00:00
AIRFLOW_CTX_DAG_RUN_ID=manual__2019-04-15T02:05:33.862849+00:00
[2019-04-14 22:05:39,541] {python_operator.py:113} INFO - Done. Returned value was: (array([[-0.28981794,  0.74724076,  0.06368867,  0.09039876,  0.29990013],
       [-0.19393959,  0.07461893, -0.2649202 , -0.22180613,  0.32479788],
       [-0.30200849, -0.107554  , -0.18572048, -0.2004258 , -0.12137185],
       ...,
       [ 0.22221655,  0.25313996,  0.16509304,  0.12280553,  0.19059402],
       [ 0.35832579,  0.2738219 ,  0.09997638,  0.24818615,  0.2626147 ],
       [ 0.11090631,  0.15104271,  0.46916251,  0.49885795,  0.08504008]]), array([-0.11558507,  0.21610212,  0.55364331, ...,  0.79347808,
        0.62706944,  0.26851261]))
[2019-04-14 22:05:43,567] {logging_mixin.py:95} INFO - [2019-04-14 22:05:43,567] {jobs.py:2562} INFO - Task exited with return code 0
