[2019-04-14 22:38:53,803] {__init__.py:1139} INFO - Dependencies all met for <TaskInstance: train.update_rec 2019-04-15T02:34:36.724437+00:00 [queued]>
[2019-04-14 22:38:53,812] {__init__.py:1139} INFO - Dependencies all met for <TaskInstance: train.update_rec 2019-04-15T02:34:36.724437+00:00 [queued]>
[2019-04-14 22:38:53,812] {__init__.py:1353} INFO - 
--------------------------------------------------------------------------------
[2019-04-14 22:38:53,812] {__init__.py:1354} INFO - Starting attempt 1 of 1
[2019-04-14 22:38:53,812] {__init__.py:1355} INFO - 
--------------------------------------------------------------------------------
[2019-04-14 22:38:53,833] {__init__.py:1374} INFO - Executing <Task(PythonOperator): update_rec> on 2019-04-15T02:34:36.724437+00:00
[2019-04-14 22:38:53,833] {base_task_runner.py:119} INFO - Running: ['airflow', 'run', 'train', 'update_rec', '2019-04-15T02:34:36.724437+00:00', '--job_id', '35', '--raw', '-sd', 'DAGS_FOLDER/train.py', '--cfg_path', '/tmp/tmpvlmf7so9']
[2019-04-14 22:38:54,590] {base_task_runner.py:101} INFO - Job 35: Subtask update_rec /home/xiuqi/.local/lib/python3.7/site-packages/airflow/configuration.py:590: DeprecationWarning: You have two airflow.cfg files: /home/xiuqi/airflow/airflow.cfg and /home/xiuqi/Dropbox/MLE/myProject/airflow/airflow_home/airflow.cfg. Airflow used to look at ~/airflow/airflow.cfg, even when AIRFLOW_HOME was set to a different value. Airflow will now only read /home/xiuqi/Dropbox/MLE/myProject/airflow/airflow_home/airflow.cfg, and you should remove the other file
[2019-04-14 22:38:54,590] {base_task_runner.py:101} INFO - Job 35: Subtask update_rec   category=DeprecationWarning,
[2019-04-14 22:38:54,986] {base_task_runner.py:101} INFO - Job 35: Subtask update_rec [2019-04-14 22:38:54,986] {__init__.py:51} INFO - Using executor SequentialExecutor
[2019-04-14 22:38:55,301] {base_task_runner.py:101} INFO - Job 35: Subtask update_rec [2019-04-14 22:38:55,300] {__init__.py:305} INFO - Filling up the DagBag from /home/xiuqi/Dropbox/MLE/myProject/airflow/airflow_home/dags/train.py
[2019-04-14 22:38:56,478] {base_task_runner.py:101} INFO - Job 35: Subtask update_rec Ivy Default Cache set to: /home/xiuqi/.ivy2/cache
[2019-04-14 22:38:56,478] {base_task_runner.py:101} INFO - Job 35: Subtask update_rec The jars for the packages stored in: /home/xiuqi/.ivy2/jars
[2019-04-14 22:38:56,516] {base_task_runner.py:101} INFO - Job 35: Subtask update_rec :: loading settings :: url = jar:file:/home/xiuqi/.local/lib/python3.7/site-packages/pyspark/jars/ivy-2.4.0.jar!/org/apache/ivy/core/settings/ivysettings.xml
[2019-04-14 22:38:56,670] {base_task_runner.py:101} INFO - Job 35: Subtask update_rec org.mongodb.spark#mongo-spark-connector_2.11 added as a dependency
[2019-04-14 22:38:56,671] {base_task_runner.py:101} INFO - Job 35: Subtask update_rec :: resolving dependencies :: org.apache.spark#spark-submit-parent-2c27a28f-e65f-45a5-a9e6-a9171efabf32;1.0
[2019-04-14 22:38:56,671] {base_task_runner.py:101} INFO - Job 35: Subtask update_rec 	confs: [default]
[2019-04-14 22:38:56,847] {base_task_runner.py:101} INFO - Job 35: Subtask update_rec 	found org.mongodb.spark#mongo-spark-connector_2.11;2.4.0 in spark-list
[2019-04-14 22:38:56,875] {base_task_runner.py:101} INFO - Job 35: Subtask update_rec 	found org.mongodb#mongo-java-driver;3.9.0 in spark-list
[2019-04-14 22:38:56,897] {base_task_runner.py:101} INFO - Job 35: Subtask update_rec :: resolution report :: resolve 220ms :: artifacts dl 6ms
[2019-04-14 22:38:56,897] {base_task_runner.py:101} INFO - Job 35: Subtask update_rec 	:: modules in use:
[2019-04-14 22:38:56,898] {base_task_runner.py:101} INFO - Job 35: Subtask update_rec 	org.mongodb#mongo-java-driver;3.9.0 from spark-list in [default]
[2019-04-14 22:38:56,898] {base_task_runner.py:101} INFO - Job 35: Subtask update_rec 	org.mongodb.spark#mongo-spark-connector_2.11;2.4.0 from spark-list in [default]
[2019-04-14 22:38:56,898] {base_task_runner.py:101} INFO - Job 35: Subtask update_rec 	---------------------------------------------------------------------
[2019-04-14 22:38:56,898] {base_task_runner.py:101} INFO - Job 35: Subtask update_rec 	|                  |            modules            ||   artifacts   |
[2019-04-14 22:38:56,898] {base_task_runner.py:101} INFO - Job 35: Subtask update_rec 	|       conf       | number| search|dwnlded|evicted|| number|dwnlded|
[2019-04-14 22:38:56,898] {base_task_runner.py:101} INFO - Job 35: Subtask update_rec 	---------------------------------------------------------------------
[2019-04-14 22:38:56,898] {base_task_runner.py:101} INFO - Job 35: Subtask update_rec 	|      default     |   2   |   0   |   0   |   0   ||   2   |   0   |
[2019-04-14 22:38:56,898] {base_task_runner.py:101} INFO - Job 35: Subtask update_rec 	---------------------------------------------------------------------
[2019-04-14 22:38:56,902] {base_task_runner.py:101} INFO - Job 35: Subtask update_rec :: retrieving :: org.apache.spark#spark-submit-parent-2c27a28f-e65f-45a5-a9e6-a9171efabf32
[2019-04-14 22:38:56,902] {base_task_runner.py:101} INFO - Job 35: Subtask update_rec 	confs: [default]
[2019-04-14 22:38:56,908] {base_task_runner.py:101} INFO - Job 35: Subtask update_rec 	0 artifacts copied, 2 already retrieved (0kB/6ms)
[2019-04-14 22:38:56,970] {base_task_runner.py:101} INFO - Job 35: Subtask update_rec 19/04/14 22:38:56 WARN Utils: Your hostname, xiuqi-debian resolves to a loopback address: 127.0.1.1; using 192.168.1.191 instead (on interface wlp2s0)
[2019-04-14 22:38:56,970] {base_task_runner.py:101} INFO - Job 35: Subtask update_rec 19/04/14 22:38:56 WARN Utils: Set SPARK_LOCAL_IP if you need to bind to another address
[2019-04-14 22:38:57,396] {base_task_runner.py:101} INFO - Job 35: Subtask update_rec 19/04/14 22:38:57 WARN NativeCodeLoader: Unable to load native-hadoop library for your platform... using builtin-java classes where applicable
[2019-04-14 22:38:57,949] {base_task_runner.py:101} INFO - Job 35: Subtask update_rec Using Spark's default log4j profile: org/apache/spark/log4j-defaults.properties
[2019-04-14 22:38:57,949] {base_task_runner.py:101} INFO - Job 35: Subtask update_rec Setting default log level to "WARN".
[2019-04-14 22:38:57,949] {base_task_runner.py:101} INFO - Job 35: Subtask update_rec To adjust logging level use sc.setLogLevel(newLevel). For SparkR, use setLogLevel(newLevel).
[2019-04-14 22:38:58,920] {base_task_runner.py:101} INFO - Job 35: Subtask update_rec 19/04/14 22:38:58 WARN Utils: Service 'SparkUI' could not bind on port 4040. Attempting port 4041.
[2019-04-14 22:38:58,922] {base_task_runner.py:101} INFO - Job 35: Subtask update_rec 19/04/14 22:38:58 WARN Utils: Service 'SparkUI' could not bind on port 4041. Attempting port 4042.
[2019-04-14 22:38:58,922] {base_task_runner.py:101} INFO - Job 35: Subtask update_rec 19/04/14 22:38:58 WARN Utils: Service 'SparkUI' could not bind on port 4042. Attempting port 4043.
[2019-04-14 22:38:58,923] {base_task_runner.py:101} INFO - Job 35: Subtask update_rec 19/04/14 22:38:58 WARN Utils: Service 'SparkUI' could not bind on port 4043. Attempting port 4044.
[2019-04-14 22:38:58,923] {base_task_runner.py:101} INFO - Job 35: Subtask update_rec 19/04/14 22:38:58 WARN Utils: Service 'SparkUI' could not bind on port 4044. Attempting port 4045.
[2019-04-14 22:39:00,289] {base_task_runner.py:101} INFO - Job 35: Subtask update_rec [2019-04-14 22:39:00,289] {cli.py:517} INFO - Running <TaskInstance: train.update_rec 2019-04-15T02:34:36.724437+00:00 [running]> on host xiuqi-debian
[2019-04-14 22:39:00,300] {python_operator.py:104} INFO - Exporting the following env vars:
AIRFLOW_CTX_DAG_ID=train
AIRFLOW_CTX_TASK_ID=update_rec
AIRFLOW_CTX_EXECUTION_DATE=2019-04-15T02:34:36.724437+00:00
AIRFLOW_CTX_DAG_RUN_ID=manual__2019-04-15T02:34:36.724437+00:00
[2019-04-14 22:39:02,220] {base_task_runner.py:101} INFO - Job 35: Subtask update_rec 
[2019-04-14 22:39:02,461] {base_task_runner.py:101} INFO - Job 35: Subtask update_rec [Stage 0:>                                                          (0 + 1) / 1]
[2019-04-14 22:39:04,301] {__init__.py:1580} ERROR - 'NoneType' object is not subscriptable
Traceback (most recent call last):
  File "/home/xiuqi/.local/lib/python3.7/site-packages/airflow/models/__init__.py", line 1441, in _run_raw_task
    result = task_copy.execute(context=context)
  File "/home/xiuqi/.local/lib/python3.7/site-packages/airflow/operators/python_operator.py", line 112, in execute
    return_value = self.execute_callable()
  File "/home/xiuqi/.local/lib/python3.7/site-packages/airflow/operators/python_operator.py", line 117, in execute_callable
    return self.python_callable(*self.op_args, **self.op_kwargs)
  File "/home/xiuqi/Dropbox/MLE/myProject/airflow/airflow_home/dags/train.py", line 36, in update_rec
    return workflow.update_recom(weights)
  File "/home/xiuqi/Dropbox/MLE/myProject/airflow/airflow_home/dags/interval_train.py", line 126, in update_recom
    preds = predictFM(all_movies, weights[0], weights[1]).collect()
TypeError: 'NoneType' object is not subscriptable
[2019-04-14 22:39:04,302] {__init__.py:1611} INFO - Marking task as FAILED.
[2019-04-14 22:39:04,425] {base_task_runner.py:101} INFO - Job 35: Subtask update_rec                                                                                 
[2019-04-14 22:39:04,426] {base_task_runner.py:101} INFO - Job 35: Subtask update_rec Traceback (most recent call last):
[2019-04-14 22:39:04,426] {base_task_runner.py:101} INFO - Job 35: Subtask update_rec   File "/home/xiuqi/.local/bin/airflow", line 32, in <module>
[2019-04-14 22:39:04,426] {base_task_runner.py:101} INFO - Job 35: Subtask update_rec     args.func(args)
[2019-04-14 22:39:04,426] {base_task_runner.py:101} INFO - Job 35: Subtask update_rec   File "/home/xiuqi/.local/lib/python3.7/site-packages/airflow/utils/cli.py", line 74, in wrapper
[2019-04-14 22:39:04,426] {base_task_runner.py:101} INFO - Job 35: Subtask update_rec     return f(*args, **kwargs)
[2019-04-14 22:39:04,426] {base_task_runner.py:101} INFO - Job 35: Subtask update_rec   File "/home/xiuqi/.local/lib/python3.7/site-packages/airflow/bin/cli.py", line 523, in run
[2019-04-14 22:39:04,426] {base_task_runner.py:101} INFO - Job 35: Subtask update_rec     _run(args, dag, ti)
[2019-04-14 22:39:04,426] {base_task_runner.py:101} INFO - Job 35: Subtask update_rec   File "/home/xiuqi/.local/lib/python3.7/site-packages/airflow/bin/cli.py", line 442, in _run
[2019-04-14 22:39:04,427] {base_task_runner.py:101} INFO - Job 35: Subtask update_rec     pool=args.pool,
[2019-04-14 22:39:04,427] {base_task_runner.py:101} INFO - Job 35: Subtask update_rec   File "/home/xiuqi/.local/lib/python3.7/site-packages/airflow/utils/db.py", line 73, in wrapper
[2019-04-14 22:39:04,427] {base_task_runner.py:101} INFO - Job 35: Subtask update_rec     return func(*args, **kwargs)
[2019-04-14 22:39:04,427] {base_task_runner.py:101} INFO - Job 35: Subtask update_rec   File "/home/xiuqi/.local/lib/python3.7/site-packages/airflow/models/__init__.py", line 1441, in _run_raw_task
[2019-04-14 22:39:04,427] {base_task_runner.py:101} INFO - Job 35: Subtask update_rec     result = task_copy.execute(context=context)
[2019-04-14 22:39:04,427] {base_task_runner.py:101} INFO - Job 35: Subtask update_rec   File "/home/xiuqi/.local/lib/python3.7/site-packages/airflow/operators/python_operator.py", line 112, in execute
[2019-04-14 22:39:04,427] {base_task_runner.py:101} INFO - Job 35: Subtask update_rec     return_value = self.execute_callable()
[2019-04-14 22:39:04,427] {base_task_runner.py:101} INFO - Job 35: Subtask update_rec   File "/home/xiuqi/.local/lib/python3.7/site-packages/airflow/operators/python_operator.py", line 117, in execute_callable
[2019-04-14 22:39:04,427] {base_task_runner.py:101} INFO - Job 35: Subtask update_rec     return self.python_callable(*self.op_args, **self.op_kwargs)
[2019-04-14 22:39:04,427] {base_task_runner.py:101} INFO - Job 35: Subtask update_rec   File "/home/xiuqi/Dropbox/MLE/myProject/airflow/airflow_home/dags/train.py", line 36, in update_rec
[2019-04-14 22:39:04,427] {base_task_runner.py:101} INFO - Job 35: Subtask update_rec     return workflow.update_recom(weights)
[2019-04-14 22:39:04,428] {base_task_runner.py:101} INFO - Job 35: Subtask update_rec   File "/home/xiuqi/Dropbox/MLE/myProject/airflow/airflow_home/dags/interval_train.py", line 126, in update_recom
[2019-04-14 22:39:04,428] {base_task_runner.py:101} INFO - Job 35: Subtask update_rec     preds = predictFM(all_movies, weights[0], weights[1]).collect()
[2019-04-14 22:39:04,428] {base_task_runner.py:101} INFO - Job 35: Subtask update_rec TypeError: 'NoneType' object is not subscriptable
[2019-04-14 22:39:08,802] {logging_mixin.py:95} INFO - [2019-04-14 22:39:08,802] {jobs.py:2562} INFO - Task exited with return code 1
